<?xml version="1.0" encoding="utf-8" standalone="no"?>
<!--This file represents the results of running a test suite-->
<test-results name="D:\Projects\octalforty.Wizardby\src\octalforty.Wizardby.Tests\bin\Debug\octalforty.Wizardby.Tests.dll" total="90" failures="1" not-run="0" date="2009-02-11" time="16:28:02">
  <environment nunit-version="2.4.1.0" clr-version="2.0.50727.3053" os-version="Microsoft Windows NT 5.1.2600 Service Pack 3" platform="Win32NT" cwd="D:\Projects\octalforty.Wizardby\src\octalforty.Wizardby.Tests\bin\Debug" machine-name="GOGOLEV_A" user="AntonG" user-domain="KAPITAL" />
  <culture-info current-culture="ru-RU" current-uiculture="ru-RU" />
  <test-suite name="D:\Projects\octalforty.Wizardby\src\octalforty.Wizardby.Tests\bin\Debug\octalforty.Wizardby.Tests.dll" success="False" time="8.313" asserts="0">
    <results>
      <test-suite name="octalforty" success="False" time="8.313" asserts="0">
        <results>
          <test-suite name="Wizardby" success="False" time="8.313" asserts="0">
            <results>
              <test-suite name="Tests" success="False" time="8.297" asserts="0">
                <results>
                  <test-suite name="Console" success="True" time="0.188" asserts="0">
                    <results>
                      <test-suite name="MigrationParametersParserTestFixture" success="True" time="0.156" asserts="0">
                        <results>
                          <test-case name="octalforty.Wizardby.Tests.Console.MigrationParametersParserTestFixture.ParseMigrationParameters" executed="True" success="True" time="0.109" asserts="9" />
                          <test-case name="octalforty.Wizardby.Tests.Console.MigrationParametersParserTestFixture.ParseMigrationParameters2" executed="True" success="True" time="0.016" asserts="1" />
                        </results>
                      </test-suite>
                    </results>
                  </test-suite>
                  <test-suite name="Core" success="False" time="8.031" asserts="0">
                    <results>
                      <test-suite name="Compiler" success="True" time="0.969" asserts="0">
                        <results>
                          <test-suite name="Impl" success="True" time="0.578" asserts="0">
                            <results>
                              <test-suite name="BindingCompilerStageTestFixture" success="True" time="0.484" asserts="0">
                                <results>
                                  <test-case name="octalforty.Wizardby.Tests.Core.Compiler.Impl.BindingCompilerStageTestFixture.BindColumnProperties" executed="True" success="True" time="0.156" asserts="6" />
                                  <test-case name="octalforty.Wizardby.Tests.Core.Compiler.Impl.BindingCompilerStageTestFixture.BindIndexes" executed="True" success="True" time="0.016" asserts="15" />
                                  <test-case name="octalforty.Wizardby.Tests.Core.Compiler.Impl.BindingCompilerStageTestFixture.BindReferences" executed="True" success="True" time="0.031" asserts="16" />
                                  <test-case name="octalforty.Wizardby.Tests.Core.Compiler.Impl.BindingCompilerStageTestFixture.BindReferencesThrowsMdlCompilerExceptionOnMissingFkColumn" executed="True" success="True" time="0.266" asserts="0" />
                                  <test-case name="octalforty.Wizardby.Tests.Core.Compiler.Impl.BindingCompilerStageTestFixture.BindReferencesThrowsMdlCompilerExceptionOnMissingFkTable" executed="True" success="True" time="0.000" asserts="0" />
                                  <test-case name="octalforty.Wizardby.Tests.Core.Compiler.Impl.BindingCompilerStageTestFixture.BindReferencesThrowsMdlCompilerExceptionOnMissingPkTable" executed="True" success="True" time="0.000" asserts="0" />
                                </results>
                              </test-suite>
                              <test-suite name="DowngradeGenerationStageTestFixture" success="True" time="0.031" asserts="0">
                                <results>
                                  <test-case name="octalforty.Wizardby.Tests.Core.Compiler.Impl.DowngradeGenerationStageTestFixture.GenerateDowngrade" executed="True" success="True" time="0.031" asserts="6" />
                                </results>
                              </test-suite>
                              <test-suite name="PrimaryKeyResolutionCompilerStageTestFixture" success="True" time="0.016" asserts="0">
                                <results>
                                  <test-case name="octalforty.Wizardby.Tests.Core.Compiler.Impl.PrimaryKeyResolutionCompilerStageTestFixture.ResolvePrimaryKeys" executed="True" success="True" time="0.016" asserts="8" />
                                </results>
                              </test-suite>
                              <test-suite name="ShortcutResolutionCompilerStageTestFixture" success="True" time="0.016" asserts="0">
                                <results>
                                  <test-case name="octalforty.Wizardby.Tests.Core.Compiler.Impl.ShortcutResolutionCompilerStageTestFixture.ResolveShortcuts" executed="True" success="True" time="0.016" asserts="8" />
                                </results>
                              </test-suite>
                              <test-suite name="TypeAliasResolutionCompilerStageTestFixture" success="True" time="0.000" asserts="0">
                                <results>
                                  <test-case name="octalforty.Wizardby.Tests.Core.Compiler.Impl.TypeAliasResolutionCompilerStageTestFixture.ResolveTypeAlises" executed="True" success="True" time="0.000" asserts="20" />
                                </results>
                              </test-suite>
                              <test-suite name="UpgradeGenerationStageTestFixture" success="True" time="0.000" asserts="0">
                                <results>
                                  <test-case name="octalforty.Wizardby.Tests.Core.Compiler.Impl.UpgradeGenerationStageTestFixture.GenerateUpgrade" executed="True" success="True" time="0.000" asserts="2" />
                                </results>
                              </test-suite>
                            </results>
                          </test-suite>
                          <test-suite name="MdlCompilerTestFixture" success="True" time="0.047" asserts="0">
                            <results>
                              <test-case name="octalforty.Wizardby.Tests.Core.Compiler.MdlCompilerTestFixture.AddCompilerStageThrowsArgumentNullExceptionOnNullCompilerStage" executed="True" success="True" time="0.000" asserts="0" />
                              <test-case name="octalforty.Wizardby.Tests.Core.Compiler.MdlCompilerTestFixture.CompileBlog" executed="True" success="True" time="0.031" asserts="0" />
                              <test-case name="octalforty.Wizardby.Tests.Core.Compiler.MdlCompilerTestFixture.CompileWaffle" executed="True" success="True" time="0.000" asserts="0" />
                            </results>
                          </test-suite>
                          <test-suite name="MdlGeneratorTestFixture" success="True" time="0.031" asserts="0">
                            <results>
                              <test-case name="octalforty.Wizardby.Tests.Core.Compiler.MdlGeneratorTestFixture.Generate" executed="True" success="True" time="0.016" asserts="0" />
                            </results>
                          </test-suite>
                          <test-suite name="MdlParserTestFixture" success="True" time="0.172" asserts="0">
                            <results>
                              <test-case name="octalforty.Wizardby.Tests.Core.Compiler.MdlParserTestFixture.ConstructorThrowsArgumentNullExceptionOnNullScanner" executed="True" success="True" time="0.000" asserts="0" />
                              <test-case name="octalforty.Wizardby.Tests.Core.Compiler.MdlParserTestFixture.ParseAddColumnNode" executed="True" success="True" time="0.000" asserts="5" />
                              <test-case name="octalforty.Wizardby.Tests.Core.Compiler.MdlParserTestFixture.ParseAddIndexNode" executed="True" success="True" time="0.000" asserts="2" />
                              <test-case name="octalforty.Wizardby.Tests.Core.Compiler.MdlParserTestFixture.ParseAddIndexNode2" executed="True" success="True" time="0.000" asserts="6" />
                              <test-case name="octalforty.Wizardby.Tests.Core.Compiler.MdlParserTestFixture.ParseAddReferenceNode" executed="True" success="True" time="0.000" asserts="3" />
                              <test-case name="octalforty.Wizardby.Tests.Core.Compiler.MdlParserTestFixture.ParseAddReferenceNode2" executed="True" success="True" time="0.000" asserts="3" />
                              <test-case name="octalforty.Wizardby.Tests.Core.Compiler.MdlParserTestFixture.ParseAddTableNode" executed="True" success="True" time="0.000" asserts="2" />
                              <test-case name="octalforty.Wizardby.Tests.Core.Compiler.MdlParserTestFixture.ParseAlterColumnNode" executed="True" success="True" time="0.000" asserts="3" />
                              <test-case name="octalforty.Wizardby.Tests.Core.Compiler.MdlParserTestFixture.ParseAlterTableNode" executed="True" success="True" time="0.000" asserts="2" />
                              <test-case name="octalforty.Wizardby.Tests.Core.Compiler.MdlParserTestFixture.ParseAlterTableNodeTree" executed="True" success="True" time="0.000" asserts="3" />
                              <test-case name="octalforty.Wizardby.Tests.Core.Compiler.MdlParserTestFixture.ParseBaselineNode" executed="True" success="True" time="0.000" asserts="1" />
                              <test-case name="octalforty.Wizardby.Tests.Core.Compiler.MdlParserTestFixture.ParseBaselineNodeTree" executed="True" success="True" time="0.000" asserts="5" />
                              <test-case name="octalforty.Wizardby.Tests.Core.Compiler.MdlParserTestFixture.ParseComplexFile" executed="True" success="True" time="0.016" asserts="0" />
                              <test-case name="octalforty.Wizardby.Tests.Core.Compiler.MdlParserTestFixture.ParseComplexFile2" executed="True" success="True" time="0.000" asserts="0" />
                              <test-case name="octalforty.Wizardby.Tests.Core.Compiler.MdlParserTestFixture.ParseDeploymentNode" executed="True" success="True" time="0.000" asserts="1" />
                              <test-case name="octalforty.Wizardby.Tests.Core.Compiler.MdlParserTestFixture.ParseDeploymentNodeTree" executed="True" success="True" time="0.016" asserts="2" />
                              <test-case name="octalforty.Wizardby.Tests.Core.Compiler.MdlParserTestFixture.ParseImplicitAddColumnNode" executed="True" success="True" time="0.000" asserts="8" />
                              <test-case name="octalforty.Wizardby.Tests.Core.Compiler.MdlParserTestFixture.ParseImplicitAddIndexNode" executed="True" success="True" time="0.000" asserts="4" />
                              <test-case name="octalforty.Wizardby.Tests.Core.Compiler.MdlParserTestFixture.ParseImplicitAddReferenceNode" executed="True" success="True" time="0.000" asserts="3" />
                              <test-case name="octalforty.Wizardby.Tests.Core.Compiler.MdlParserTestFixture.ParseImplicitAddTableNode" executed="True" success="True" time="0.016" asserts="3" />
                              <test-case name="octalforty.Wizardby.Tests.Core.Compiler.MdlParserTestFixture.ParseImplicitAnonymousAddIndexNode" executed="True" success="True" time="0.000" asserts="4" />
                              <test-case name="octalforty.Wizardby.Tests.Core.Compiler.MdlParserTestFixture.ParseImplicitAnonymousAddReferenceNode" executed="True" success="True" time="0.000" asserts="3" />
                              <test-case name="octalforty.Wizardby.Tests.Core.Compiler.MdlParserTestFixture.ParseIncorrectBlockLayout" executed="True" success="True" time="0.016" asserts="0" />
                              <test-case name="octalforty.Wizardby.Tests.Core.Compiler.MdlParserTestFixture.ParseMigrationNode" executed="True" success="True" time="0.000" asserts="7" />
                              <test-case name="octalforty.Wizardby.Tests.Core.Compiler.MdlParserTestFixture.ParseMigrationNodeTree" executed="True" success="True" time="0.000" asserts="10" />
                              <test-case name="octalforty.Wizardby.Tests.Core.Compiler.MdlParserTestFixture.ParseMigrationNodeWithoutProperties" executed="True" success="True" time="0.000" asserts="4" />
                              <test-case name="octalforty.Wizardby.Tests.Core.Compiler.MdlParserTestFixture.ParseMigrationWithoutName" executed="True" success="True" time="0.000" asserts="0" />
                              <test-case name="octalforty.Wizardby.Tests.Core.Compiler.MdlParserTestFixture.ParseMigrationWithoutName2" executed="True" success="True" time="0.016" asserts="0" />
                              <test-case name="octalforty.Wizardby.Tests.Core.Compiler.MdlParserTestFixture.ParsePropertyBlock" executed="True" success="True" time="0.000" asserts="4" />
                              <test-case name="octalforty.Wizardby.Tests.Core.Compiler.MdlParserTestFixture.ParseRemoveIndexNode" executed="True" success="True" time="0.000" asserts="3" />
                              <test-case name="octalforty.Wizardby.Tests.Core.Compiler.MdlParserTestFixture.ParseRemoveReferenceNode" executed="True" success="True" time="0.016" asserts="3" />
                              <test-case name="octalforty.Wizardby.Tests.Core.Compiler.MdlParserTestFixture.ParseRemoveTableNode" executed="True" success="True" time="0.000" asserts="2" />
                              <test-case name="octalforty.Wizardby.Tests.Core.Compiler.MdlParserTestFixture.ParseTypeAliasesNode" executed="True" success="True" time="0.000" asserts="1" />
                              <test-case name="octalforty.Wizardby.Tests.Core.Compiler.MdlParserTestFixture.ParseTypeAliasesNodeTree" executed="True" success="True" time="0.000" asserts="12" />
                              <test-case name="octalforty.Wizardby.Tests.Core.Compiler.MdlParserTestFixture.ParseTypeAliasNode" executed="True" success="True" time="0.000" asserts="5" />
                              <test-case name="octalforty.Wizardby.Tests.Core.Compiler.MdlParserTestFixture.ParseVersionNodeWithoutVersionNumber" executed="True" success="True" time="0.016" asserts="0" />
                            </results>
                          </test-suite>
                          <test-suite name="MdlScannerTestFixture" success="True" time="0.109" asserts="0">
                            <results>
                              <test-case name="octalforty.Wizardby.Tests.Core.Compiler.MdlScannerTestFixture.ConstructorThrowsArgumentNullExceptionOnNullSourceReader" executed="True" success="True" time="0.000" asserts="0" />
                              <test-case name="octalforty.Wizardby.Tests.Core.Compiler.MdlScannerTestFixture.RegisterKeywordThrowsArgumentExceptionOnEmptyKeyword" executed="True" success="True" time="0.000" asserts="0" />
                              <test-case name="octalforty.Wizardby.Tests.Core.Compiler.MdlScannerTestFixture.RegisterKeywordThrowsArgumentNullExceptionOnNullKeyword" executed="True" success="True" time="0.000" asserts="0" />
                              <test-case name="octalforty.Wizardby.Tests.Core.Compiler.MdlScannerTestFixture.ScanBlocks" executed="True" success="True" time="0.000" asserts="22" />
                              <test-case name="octalforty.Wizardby.Tests.Core.Compiler.MdlScannerTestFixture.ScanBlocksWithWeirdLayout" executed="True" success="True" time="0.016" asserts="24" />
                              <test-case name="octalforty.Wizardby.Tests.Core.Compiler.MdlScannerTestFixture.ScanComplexFile" executed="True" success="True" time="0.000" asserts="1" />
                              <test-case name="octalforty.Wizardby.Tests.Core.Compiler.MdlScannerTestFixture.ScanIntegerConstants" executed="True" success="True" time="0.000" asserts="7" />
                              <test-case name="octalforty.Wizardby.Tests.Core.Compiler.MdlScannerTestFixture.ScanKeywords" executed="True" success="True" time="0.000" asserts="11" />
                              <test-case name="octalforty.Wizardby.Tests.Core.Compiler.MdlScannerTestFixture.ScanNestedComments" executed="True" success="True" time="0.000" asserts="1" />
                              <test-case name="octalforty.Wizardby.Tests.Core.Compiler.MdlScannerTestFixture.ScanPunctuation" executed="True" success="True" time="0.016" asserts="19" />
                              <test-case name="octalforty.Wizardby.Tests.Core.Compiler.MdlScannerTestFixture.ScanStringConstants" executed="True" success="True" time="0.000" asserts="6" />
                              <test-case name="octalforty.Wizardby.Tests.Core.Compiler.MdlScannerTestFixture.ScanSymbols" executed="True" success="True" time="0.000" asserts="7" />
                              <test-case name="octalforty.Wizardby.Tests.Core.Compiler.MdlScannerTestFixture.ScanSymbolsWithMultilineComments" executed="True" success="True" time="0.000" asserts="6" />
                              <test-case name="octalforty.Wizardby.Tests.Core.Compiler.MdlScannerTestFixture.ScanUpdatesLocations" executed="True" success="True" time="0.016" asserts="5" />
                            </results>
                          </test-suite>
                          <test-suite name="SourceReaderTestFixture" success="True" time="0.016" asserts="0">
                            <results>
                              <test-case name="octalforty.Wizardby.Tests.Core.Compiler.SourceReaderTestFixture.NextThrowsInvalidOperationExceptionOnEmptyReader" executed="True" success="True" time="0.000" asserts="0" />
                              <test-case name="octalforty.Wizardby.Tests.Core.Compiler.SourceReaderTestFixture.ReadNextReadsAllSource" executed="True" success="True" time="0.000" asserts="1" />
                              <test-case name="octalforty.Wizardby.Tests.Core.Compiler.SourceReaderTestFixture.ReadNextThrowsInvalidOperationExceptionOnEmptyReader" executed="True" success="True" time="0.016" asserts="0" />
                              <test-case name="octalforty.Wizardby.Tests.Core.Compiler.SourceReaderTestFixture.ReadNextUpdatesPosition" executed="True" success="True" time="0.000" asserts="23" />
                            </results>
                          </test-suite>
                          <test-suite name="TokenSequenceTestFixture" success="True" time="0.016" asserts="0">
                            <results>
                              <test-case name="octalforty.Wizardby.Tests.Core.Compiler.TokenSequenceTestFixture.AddAndCount" executed="True" success="True" time="0.000" asserts="1" />
                              <test-case name="octalforty.Wizardby.Tests.Core.Compiler.TokenSequenceTestFixture.First" executed="True" success="True" time="0.016" asserts="1" />
                              <test-case name="octalforty.Wizardby.Tests.Core.Compiler.TokenSequenceTestFixture.FirstThrowsInvalidOperationExceptionOnEmptySequence" executed="True" success="True" time="0.000" asserts="0" />
                              <test-case name="octalforty.Wizardby.Tests.Core.Compiler.TokenSequenceTestFixture.Last" executed="True" success="True" time="0.000" asserts="1" />
                              <test-case name="octalforty.Wizardby.Tests.Core.Compiler.TokenSequenceTestFixture.LastThrowsInvalidOperationExceptionOnEmptySequence" executed="True" success="True" time="0.000" asserts="0" />
                              <test-case name="octalforty.Wizardby.Tests.Core.Compiler.TokenSequenceTestFixture.RemoveFirst" executed="True" success="True" time="0.000" asserts="2" />
                            </results>
                          </test-suite>
                        </results>
                      </test-suite>
                      <test-suite name="Db" success="True" time="0.016" asserts="0">
                        <results>
                          <test-suite name="DbTypeMapperBaseTestFixture" success="True" time="0.016" asserts="0">
                            <results>
                              <test-case name="octalforty.Wizardby.Tests.Core.Db.DbTypeMapperBaseTestFixture.MapToNativeType" executed="True" success="True" time="0.016" asserts="2" />
                              <test-case name="octalforty.Wizardby.Tests.Core.Db.DbTypeMapperBaseTestFixture.MapToNativeTypeWithTypeMappings" executed="True" success="True" time="0.000" asserts="2" />
                            </results>
                          </test-suite>
                        </results>
                      </test-suite>
                      <test-suite name="Migration" success="False" time="6.969" asserts="0">
                        <results>
                          <test-suite name="Impl" success="False" time="6.969" asserts="0">
                            <results>
                              <test-suite name="MigrationServiceTestFixture" success="False" time="5.750" asserts="0">
                                <results>
                                  <test-case name="octalforty.Wizardby.Tests.Core.Migration.Impl.MigrationServiceTestFixture.MigrateDbThrowsArgumentNullExceptionOnNullConnectionString" executed="True" success="True" time="0.000" asserts="0" />
                                  <test-case name="octalforty.Wizardby.Tests.Core.Migration.Impl.MigrationServiceTestFixture.MigrateDbUpgrade" executed="True" success="False" time="5.750" asserts="5">
                                    <failure>
                                      <message><![CDATA[  Expected: 3
  But was:  5
]]></message>
                                      <stack-trace><![CDATA[   at octalforty.Wizardby.Tests.Core.Migration.Impl.MigrationServiceTestFixture.MigrateDbUpgrade() in D:\Projects\octalforty.Wizardby\src\octalforty.Wizardby.Tests\Core\Migration\Impl\MigrationServiceTestFixture.cs:line 38
]]></stack-trace>
                                    </failure>
                                  </test-case>
                                </results>
                              </test-suite>
                              <test-suite name="MigrationVersionInfoManagerTestFixture" success="True" time="1.109" asserts="0">
                                <results>
                                  <test-case name="octalforty.Wizardby.Tests.Core.Migration.Impl.MigrationVersionInfoManagerTestFixture.GetAllRegisteredMigrationVersions" executed="True" success="True" time="0.984" asserts="2" />
                                  <test-case name="octalforty.Wizardby.Tests.Core.Migration.Impl.MigrationVersionInfoManagerTestFixture.GetCurrentMigrationVersion" executed="True" success="True" time="0.000" asserts="1" />
                                  <test-case name="octalforty.Wizardby.Tests.Core.Migration.Impl.MigrationVersionInfoManagerTestFixture.RegisterMigrationVersion" executed="True" success="True" time="0.125" asserts="1" />
                                </results>
                              </test-suite>
                            </results>
                          </test-suite>
                        </results>
                      </test-suite>
                      <test-suite name="SemanticModel" success="True" time="0.078" asserts="0">
                        <results>
                          <test-suite name="SchemaDefinitionTestFixture" success="True" time="0.000" asserts="0">
                            <results>
                              <test-case name="octalforty.Wizardby.Tests.Core.SemanticModel.SchemaDefinitionTestFixture.AddTable" executed="True" success="True" time="0.000" asserts="1" />
                              <test-case name="octalforty.Wizardby.Tests.Core.SemanticModel.SchemaDefinitionTestFixture.GetTable" executed="True" success="True" time="0.000" asserts="5" />
                            </results>
                          </test-suite>
                          <test-suite name="TableDefinitionTestFixture" success="True" time="0.078" asserts="0">
                            <results>
                              <test-case name="octalforty.Wizardby.Tests.Core.SemanticModel.TableDefinitionTestFixture.AddColumn" executed="True" success="True" time="0.000" asserts="2" />
                              <test-case name="octalforty.Wizardby.Tests.Core.SemanticModel.TableDefinitionTestFixture.GetColumn" executed="True" success="True" time="0.000" asserts="5" />
                              <test-case name="octalforty.Wizardby.Tests.Core.SemanticModel.TableDefinitionTestFixture.GetPrimaryKeyColumn" executed="True" success="True" time="0.000" asserts="2" />
                            </results>
                          </test-suite>
                        </results>
                      </test-suite>
                    </results>
                  </test-suite>
                  <test-suite name="Db" success="True" time="0.063" asserts="0">
                    <results>
                      <test-suite name="Jet" success="True" time="0.000" asserts="0">
                        <results>
                          <test-suite name="JetTransformerTestFixture" success="True" time="0.000" asserts="0">
                            <results>
                              <test-case name="octalforty.Wizardby.Tests.Db.Jet.JetTransformerTestFixture.GenerateCreateTableScript" executed="True" success="True" time="0.000" asserts="0" />
                            </results>
                          </test-suite>
                        </results>
                      </test-suite>
                    </results>
                  </test-suite>
                </results>
              </test-suite>
            </results>
          </test-suite>
        </results>
      </test-suite>
    </results>
  </test-suite>
</test-results>